<?xml version="1.0" encoding="UTF-8"?>
<testsuite name="com.allstate.ArithmaticExpressionTest" tests="1" skipped="0" failures="0" errors="0" timestamp="2017-01-03T10:47:47" hostname="COMPOZED-AL-012" time="0.032">
  <properties/>
  <testcase name="testArithmeticMean" classname="com.allstate.ArithmaticExpressionTest" time="0.032"/>
  <system-out><![CDATA[]]></system-out>
  <system-err><![CDATA[]]></system-err>
</testsuite>
